  stdafx.cpp
  Utils.cpp
  Stream.cpp
  SliceHeader.cpp
f:\videoaudio\technicalstack\video\h264_csdnyinwenjie\mydemo\simpleh264analyser\simpleh264analyser\sliceheader.cpp(31): warning C4244: “参数”: 从“UINT32”转换到“UINT8”，可能丢失数据
f:\videoaudio\technicalstack\video\h264_csdnyinwenjie\mydemo\simpleh264analyser\simpleh264analyser\sliceheader.cpp(35): warning C4800: “int”: 将值强制为布尔值“true”或“false”(性能警告)
f:\videoaudio\technicalstack\video\h264_csdnyinwenjie\mydemo\simpleh264analyser\simpleh264analyser\sliceheader.cpp(38): warning C4800: “int”: 将值强制为布尔值“true”或“false”(性能警告)
f:\videoaudio\technicalstack\video\h264_csdnyinwenjie\mydemo\simpleh264analyser\simpleh264analyser\sliceheader.cpp(47): warning C4244: “参数”: 从“UINT32”转换到“UINT8”，可能丢失数据
f:\videoaudio\technicalstack\video\h264_csdnyinwenjie\mydemo\simpleh264analyser\simpleh264analyser\sliceheader.cpp(54): warning C4800: “int”: 将值强制为布尔值“true”或“false”(性能警告)
f:\videoaudio\technicalstack\video\h264_csdnyinwenjie\mydemo\simpleh264analyser\simpleh264analyser\sliceheader.cpp(55): warning C4800: “int”: 将值强制为布尔值“true”或“false”(性能警告)
  I_Slice.cpp
  SimpleH264Analyser.cpp
  PicParamSet.cpp
f:\videoaudio\technicalstack\video\h264_csdnyinwenjie\mydemo\simpleh264analyser\simpleh264analyser\picparamset.cpp(56): warning C4800: “int”: 将值强制为布尔值“true”或“false”(性能警告)
f:\videoaudio\technicalstack\video\h264_csdnyinwenjie\mydemo\simpleh264analyser\simpleh264analyser\picparamset.cpp(57): warning C4800: “int”: 将值强制为布尔值“true”或“false”(性能警告)
f:\videoaudio\technicalstack\video\h264_csdnyinwenjie\mydemo\simpleh264analyser\simpleh264analyser\picparamset.cpp(58): warning C4800: “int”: 将值强制为布尔值“true”或“false”(性能警告)
f:\videoaudio\technicalstack\video\h264_csdnyinwenjie\mydemo\simpleh264analyser\simpleh264analyser\picparamset.cpp(59): warning C4800: “int”: 将值强制为布尔值“true”或“false”(性能警告)
f:\videoaudio\technicalstack\video\h264_csdnyinwenjie\mydemo\simpleh264analyser\simpleh264analyser\picparamset.cpp(60): warning C4800: “int”: 将值强制为布尔值“true”或“false”(性能警告)
  NALUnit.cpp
f:\videoaudio\technicalstack\video\h264_csdnyinwenjie\mydemo\simpleh264analyser\simpleh264analyser\nalunit.cpp(59): warning C4800: “int”: 将值强制为布尔值“true”或“false”(性能警告)
f:\videoaudio\technicalstack\video\h264_csdnyinwenjie\mydemo\simpleh264analyser\simpleh264analyser\nalunit.cpp(64): warning C4800: “int”: 将值强制为布尔值“true”或“false”(性能警告)
f:\videoaudio\technicalstack\video\h264_csdnyinwenjie\mydemo\simpleh264analyser\simpleh264analyser\nalunit.cpp(66): warning C4800: “int”: 将值强制为布尔值“true”或“false”(性能警告)
f:\videoaudio\technicalstack\video\h264_csdnyinwenjie\mydemo\simpleh264analyser\simpleh264analyser\nalunit.cpp(83): warning C4800: “int”: 将值强制为布尔值“true”或“false”(性能警告)
f:\videoaudio\technicalstack\video\h264_csdnyinwenjie\mydemo\simpleh264analyser\simpleh264analyser\nalunit.cpp(88): warning C4800: “int”: 将值强制为布尔值“true”或“false”(性能警告)
f:\videoaudio\technicalstack\video\h264_csdnyinwenjie\mydemo\simpleh264analyser\simpleh264analyser\nalunit.cpp(92): warning C4800: “int”: 将值强制为布尔值“true”或“false”(性能警告)
f:\videoaudio\technicalstack\video\h264_csdnyinwenjie\mydemo\simpleh264analyser\simpleh264analyser\nalunit.cpp(96): warning C4800: “int”: 将值强制为布尔值“true”或“false”(性能警告)
f:\videoaudio\technicalstack\video\h264_csdnyinwenjie\mydemo\simpleh264analyser\simpleh264analyser\nalunit.cpp(98): warning C4800: “int”: 将值强制为布尔值“true”或“false”(性能警告)
f:\videoaudio\technicalstack\video\h264_csdnyinwenjie\mydemo\simpleh264analyser\simpleh264analyser\nalunit.cpp(107): warning C4800: “int”: 将值强制为布尔值“true”或“false”(性能警告)
f:\videoaudio\technicalstack\video\h264_csdnyinwenjie\mydemo\simpleh264analyser\simpleh264analyser\nalunit.cpp(108): warning C4805: “|=”: 在操作中将类型“UINT32”与类型“bool”混合不安全
f:\videoaudio\technicalstack\video\h264_csdnyinwenjie\mydemo\simpleh264analyser\simpleh264analyser\nalunit.cpp(155): warning C4800: “int”: 将值强制为布尔值“true”或“false”(性能警告)
f:\videoaudio\technicalstack\video\h264_csdnyinwenjie\mydemo\simpleh264analyser\simpleh264analyser\nalunit.cpp(156): warning C4805: “|=”: 在操作中将类型“UINT16”与类型“bool”混合不安全
f:\videoaudio\technicalstack\video\h264_csdnyinwenjie\mydemo\simpleh264analyser\simpleh264analyser\nalunit.cpp(157): warning C4800: “int”: 将值强制为布尔值“true”或“false”(性能警告)
f:\videoaudio\technicalstack\video\h264_csdnyinwenjie\mydemo\simpleh264analyser\simpleh264analyser\nalunit.cpp(166): warning C4800: “int”: 将值强制为布尔值“true”或“false”(性能警告)
f:\videoaudio\technicalstack\video\h264_csdnyinwenjie\mydemo\simpleh264analyser\simpleh264analyser\nalunit.cpp(168): warning C4554: “<<”: 检查运算符优先级可能存在的错误；使用圆括号阐明优先级
f:\videoaudio\technicalstack\video\h264_csdnyinwenjie\mydemo\simpleh264analyser\simpleh264analyser\nalunit.cpp(173): warning C4800: “int”: 将值强制为布尔值“true”或“false”(性能警告)
f:\videoaudio\technicalstack\video\h264_csdnyinwenjie\mydemo\simpleh264analyser\simpleh264analyser\nalunit.cpp(175): warning C4800: “int”: 将值强制为布尔值“true”或“false”(性能警告)
f:\videoaudio\technicalstack\video\h264_csdnyinwenjie\mydemo\simpleh264analyser\simpleh264analyser\nalunit.cpp(177): warning C4800: “int”: 将值强制为布尔值“true”或“false”(性能警告)
  SeqParamSet.cpp
f:\videoaudio\technicalstack\video\h264_csdnyinwenjie\mydemo\simpleh264analyser\simpleh264analyser\seqparamset.cpp(58): warning C4800: “UINT32”: 将值强制为布尔值“true”或“false”(性能警告)
f:\videoaudio\technicalstack\video\h264_csdnyinwenjie\mydemo\simpleh264analyser\simpleh264analyser\seqparamset.cpp(59): warning C4800: “UINT32”: 将值强制为布尔值“true”或“false”(性能警告)
f:\videoaudio\technicalstack\video\h264_csdnyinwenjie\mydemo\simpleh264analyser\simpleh264analyser\seqparamset.cpp(60): warning C4800: “UINT32”: 将值强制为布尔值“true”或“false”(性能警告)
f:\videoaudio\technicalstack\video\h264_csdnyinwenjie\mydemo\simpleh264analyser\simpleh264analyser\seqparamset.cpp(62): warning C4800: “UINT32”: 将值强制为布尔值“true”或“false”(性能警告)
f:\videoaudio\technicalstack\video\h264_csdnyinwenjie\mydemo\simpleh264analyser\simpleh264analyser\seqparamset.cpp(63): warning C4800: “UINT32”: 将值强制为布尔值“true”或“false”(性能警告)
f:\videoaudio\technicalstack\video\h264_csdnyinwenjie\mydemo\simpleh264analyser\simpleh264analyser\seqparamset.cpp(64): warning C4800: “UINT32”: 将值强制为布尔值“true”或“false”(性能警告)
f:\videoaudio\technicalstack\video\h264_csdnyinwenjie\mydemo\simpleh264analyser\simpleh264analyser\seqparamset.cpp(65): warning C4800: “UINT32”: 将值强制为布尔值“true”或“false”(性能警告)
f:\videoaudio\technicalstack\video\h264_csdnyinwenjie\mydemo\simpleh264analyser\simpleh264analyser\seqparamset.cpp(66): warning C4800: “UINT32”: 将值强制为布尔值“true”或“false”(性能警告)
f:\videoaudio\technicalstack\video\h264_csdnyinwenjie\mydemo\simpleh264analyser\simpleh264analyser\seqparamset.cpp(67): warning C4800: “UINT32”: 将值强制为布尔值“true”或“false”(性能警告)
  Configuration.cpp
  正在生成代码...
f:\videoaudio\technicalstack\video\h264_csdnyinwenjie\mydemo\simpleh264analyser\simpleh264analyser\nalunit.cpp(130): warning C4715: “CNALUnit::Parse_as_seq_param_set”: 不是所有的控件路径都返回值
  SimpleH264Analyser.vcxproj -> F:\VideoAudio\TechnicalStack\Video\H264_CSDNyinwenjie\myDemo\SimpleH264Analyser\bin\Debug\SimpleH264Analyser.exe
  SimpleH264Analyser.vcxproj -> F:\VideoAudio\TechnicalStack\Video\H264_CSDNyinwenjie\myDemo\SimpleH264Analyser\bin\Debug\SimpleH264Analyser.pdb (Full PDB)
